# JRE version: OpenJDK Runtime Environment (23.0) (build 23)
# Java VM: OpenJDK 64-Bit Server VM (23, mixed mode, sharing, tiered, compressed oops, compressed class ptrs, g1 gc, linux-amd64)
GC Precious Log:
 CardTable entry size: 512
 Card Set container configuration: InlinePtr #cards 4 size 8 Array Of Cards #cards 16 size 48 Howl #buckets 8 coarsen threshold 3686 Howl Bitmap #cards 512 size 80 coarsen threshold 460 Card regions per heap region 1 cards per card region 4096
 CPUs: 16 total, 16 available
 Memory: 15677M
 Large Page Support: Disabled
 NUMA Support: Disabled
 Compressed Oops: Enabled (Zero based)
 Heap Region Size: 2M
 Heap Min Capacity: 8M
 Heap Initial Capacity: 246M
 Heap Max Capacity: 3920M
 Pre-touch: Disabled
 Parallel Workers: 13
 Concurrent Workers: 3
 Concurrent Refinement Workers: 13
 Periodic GC: Disabled
Heap:
 garbage-first heap   total reserved 4014080K, committed 116736K, used 47048K [0x000000070b000000, 0x0000000800000000)
  region size 2048K, 11 young (22528K), 3 survivors (6144K)
 Metaspace       used 76170K, committed 76800K, reserved 1179648K
  class space    used 10095K, committed 10368K, reserved 1048576K
GC Heap History (20 events):
Event: 1.895 GC heap before
{Heap before GC invocations=8 (full 0):
 garbage-first heap   total reserved 4014080K, committed 96256K, used 72929K [0x000000070b000000, 0x0000000800000000)
  region size 2048K, 27 young (55296K), 2 survivors (4096K)
 Metaspace       used 48988K, committed 49536K, reserved 1114112K
  class space    used 6670K, committed 6912K, reserved 1048576K
}
Event: 1.897 GC heap after
{Heap after GC invocations=9 (full 0):
 garbage-first heap   total reserved 4014080K, committed 96256K, used 26368K [0x000000070b000000, 0x0000000800000000)
  region size 2048K, 3 young (6144K), 3 survivors (6144K)
 Metaspace       used 48988K, committed 49536K, reserved 1114112K
  class space    used 6670K, committed 6912K, reserved 1048576K
}
Event: 2.252 GC heap before
{Heap before GC invocations=9 (full 0):
 garbage-first heap   total reserved 4014080K, committed 96256K, used 71424K [0x000000070b000000, 0x0000000800000000)
  region size 2048K, 25 young (51200K), 3 survivors (6144K)
 Metaspace       used 60117K, committed 60672K, reserved 1114112K
  class space    used 8381K, committed 8640K, reserved 1048576K
}
Event: 2.255 GC heap after
{Heap after GC invocations=10 (full 0):
 garbage-first heap   total reserved 4014080K, committed 96256K, used 28852K [0x000000070b000000, 0x0000000800000000)
  region size 2048K, 3 young (6144K), 3 survivors (6144K)
 Metaspace       used 60117K, committed 60672K, reserved 1114112K
  class space    used 8381K, committed 8640K, reserved 1048576K
}
Event: 2.295 GC heap before
{Heap before GC invocations=10 (full 0):
 garbage-first heap   total reserved 4014080K, committed 96256K, used 30900K [0x000000070b000000, 0x0000000800000000)
  region size 2048K, 5 young (10240K), 3 survivors (6144K)
 Metaspace       used 60273K, committed 60800K, reserved 1114112K
  class space    used 8402K, committed 8640K, reserved 1048576K
}
Event: 2.298 GC heap after
{Heap after GC invocations=11 (full 0):
 garbage-first heap   total reserved 4014080K, committed 96256K, used 29592K [0x000000070b000000, 0x0000000800000000)
  region size 2048K, 2 young (4096K), 2 survivors (4096K)
 Metaspace       used 60273K, committed 60800K, reserved 1114112K
  class space    used 8402K, committed 8640K, reserved 1048576K
}
Event: 15.133 GC heap before
{Heap before GC invocations=12 (full 0):
 garbage-first heap   total reserved 4014080K, committed 96256K, used 91032K [0x000000070b000000, 0x0000000800000000)
  region size 2048K, 25 young (51200K), 2 survivors (4096K)
 Metaspace       used 69009K, committed 69696K, reserved 1114112K
  class space    used 9647K, committed 9920K, reserved 1048576K
}
Event: 15.138 GC heap after
{Heap after GC invocations=13 (full 0):
 garbage-first heap   total reserved 4014080K, committed 104448K, used 33072K [0x000000070b000000, 0x0000000800000000)
  region size 2048K, 4 young (8192K), 4 survivors (8192K)
 Metaspace       used 69009K, committed 69696K, reserved 1114112K
  class space    used 9647K, committed 9920K, reserved 1048576K
}
Event: 15.467 GC heap before
{Heap before GC invocations=13 (full 0):
 garbage-first heap   total reserved 4014080K, committed 104448K, used 88368K [0x000000070b000000, 0x0000000800000000)
  region size 2048K, 29 young (59392K), 4 survivors (8192K)
 Metaspace       used 74758K, committed 75456K, reserved 1114112K
  class space    used 9863K, committed 10176K, reserved 1048576K
}
Event: 15.473 GC heap after
{Heap after GC invocations=14 (full 0):
 garbage-first heap   total reserved 4014080K, committed 104448K, used 33559K [0x000000070b000000, 0x0000000800000000)
  region size 2048K, 3 young (6144K), 3 survivors (6144K)
 Metaspace       used 74758K, committed 75456K, reserved 1114112K
  class space    used 9863K, committed 10176K, reserved 1048576K
}
Event: 15.545 GC heap before
{Heap before GC invocations=14 (full 0):
 garbage-first heap   total reserved 4014080K, committed 104448K, used 88855K [0x000000070b000000, 0x0000000800000000)
  region size 2048K, 30 young (61440K), 3 survivors (6144K)
 Metaspace       used 74758K, committed 75456K, reserved 1114112K
  class space    used 9863K, committed 10176K, reserved 1048576K
}
Event: 15.548 GC heap after
{Heap after GC invocations=15 (full 0):
 garbage-first heap   total reserved 4014080K, committed 104448K, used 33054K [0x000000070b000000, 0x0000000800000000)
  region size 2048K, 3 young (6144K), 3 survivors (6144K)
 Metaspace       used 74758K, committed 75456K, reserved 1114112K
  class space    used 9863K, committed 10176K, reserved 1048576K
}
Event: 15.610 GC heap before
{Heap before GC invocations=15 (full 0):
 garbage-first heap   total reserved 4014080K, committed 104448K, used 88350K [0x000000070b000000, 0x0000000800000000)
  region size 2048K, 30 young (61440K), 3 survivors (6144K)
 Metaspace       used 74759K, committed 75456K, reserved 1114112K
  class space    used 9863K, committed 10176K, reserved 1048576K
}
Event: 15.613 GC heap after
{Heap after GC invocations=16 (full 0):
 garbage-first heap   total reserved 4014080K, committed 104448K, used 33148K [0x000000070b000000, 0x0000000800000000)
  region size 2048K, 3 young (6144K), 3 survivors (6144K)
 Metaspace       used 74759K, committed 75456K, reserved 1114112K
  class space    used 9863K, committed 10176K, reserved 1048576K
}
Event: 15.674 GC heap before
{Heap before GC invocations=17 (full 0):
 garbage-first heap   total reserved 4014080K, committed 104448K, used 86396K [0x000000070b000000, 0x0000000800000000)
  region size 2048K, 29 young (59392K), 3 survivors (6144K)
 Metaspace       used 74759K, committed 75456K, reserved 1114112K
  class space    used 9863K, committed 10176K, reserved 1048576K
}
Event: 15.676 GC heap after
{Heap after GC invocations=18 (full 0):
 garbage-first heap   total reserved 4014080K, committed 104448K, used 33033K [0x000000070b000000, 0x0000000800000000)
  region size 2048K, 3 young (6144K), 3 survivors (6144K)
 Metaspace       used 74759K, committed 75456K, reserved 1114112K
  class space    used 9863K, committed 10176K, reserved 1048576K
}
Event: 15.732 GC heap before
{Heap before GC invocations=18 (full 0):
 garbage-first heap   total reserved 4014080K, committed 104448K, used 86281K [0x000000070b000000, 0x0000000800000000)
  region size 2048K, 29 young (59392K), 3 survivors (6144K)
 Metaspace       used 74759K, committed 75456K, reserved 1114112K
  class space    used 9863K, committed 10176K, reserved 1048576K
}
Event: 15.735 GC heap after
{Heap after GC invocations=19 (full 0):
 garbage-first heap   total reserved 4014080K, committed 104448K, used 32991K [0x000000070b000000, 0x0000000800000000)
  region size 2048K, 3 young (6144K), 3 survivors (6144K)
 Metaspace       used 74759K, committed 75456K, reserved 1114112K
  class space    used 9863K, committed 10176K, reserved 1048576K
}
Event: 15.793 GC heap before
{Heap before GC invocations=19 (full 0):
 garbage-first heap   total reserved 4014080K, committed 104448K, used 88287K [0x000000070b000000, 0x0000000800000000)
  region size 2048K, 30 young (61440K), 3 survivors (6144K)
 Metaspace       used 74759K, committed 75456K, reserved 1114112K
  class space    used 9863K, committed 10176K, reserved 1048576K
}
Event: 15.796 GC heap after
{Heap after GC invocations=20 (full 0):
 garbage-first heap   total reserved 4014080K, committed 141312K, used 32712K [0x000000070b000000, 0x0000000800000000)
  region size 2048K, 3 young (6144K), 3 survivors (6144K)
 Metaspace       used 74759K, committed 75456K, reserved 1114112K
  class space    used 9863K, committed 10176K, reserved 1048576K
}

