# JRE version: OpenJDK Runtime Environment (23.0) (build 23)
# Java VM: OpenJDK 64-Bit Server VM (23, mixed mode, sharing, tiered, compressed oops, compressed class ptrs, g1 gc, linux-amd64)
Heap:
 garbage-first heap   total reserved 4014080K, committed 122880K, used 64679K [0x000000070b000000, 0x0000000800000000)
  region size 2048K, 19 young (38912K), 3 survivors (6144K)
 Metaspace       used 76665K, committed 77376K, reserved 1179648K
  class space    used 10131K, committed 10432K, reserved 1048576K
GC Heap History (20 events):
Event: 2.276 GC heap before
{Heap before GC invocations=8 (full 0):
 garbage-first heap   total reserved 4014080K, committed 96256K, used 73532K [0x000000070b000000, 0x0000000800000000)
  region size 2048K, 27 young (55296K), 2 survivors (4096K)
 Metaspace       used 49028K, committed 49536K, reserved 1114112K
  class space    used 6693K, committed 6912K, reserved 1048576K
}
Event: 2.278 GC heap after
{Heap after GC invocations=9 (full 0):
 garbage-first heap   total reserved 4014080K, committed 96256K, used 27052K [0x000000070b000000, 0x0000000800000000)
  region size 2048K, 3 young (6144K), 3 survivors (6144K)
 Metaspace       used 49028K, committed 49536K, reserved 1114112K
  class space    used 6693K, committed 6912K, reserved 1048576K
}
Event: 2.659 GC heap before
{Heap before GC invocations=9 (full 0):
 garbage-first heap   total reserved 4014080K, committed 96256K, used 72108K [0x000000070b000000, 0x0000000800000000)
  region size 2048K, 25 young (51200K), 3 survivors (6144K)
 Metaspace       used 60065K, committed 60672K, reserved 1114112K
  class space    used 8383K, committed 8640K, reserved 1048576K
}
Event: 2.662 GC heap after
{Heap after GC invocations=10 (full 0):
 garbage-first heap   total reserved 4014080K, committed 96256K, used 29870K [0x000000070b000000, 0x0000000800000000)
  region size 2048K, 3 young (6144K), 3 survivors (6144K)
 Metaspace       used 60065K, committed 60672K, reserved 1114112K
  class space    used 8383K, committed 8640K, reserved 1048576K
}
Event: 2.713 GC heap before
{Heap before GC invocations=10 (full 0):
 garbage-first heap   total reserved 4014080K, committed 96256K, used 31918K [0x000000070b000000, 0x0000000800000000)
  region size 2048K, 5 young (10240K), 3 survivors (6144K)
 Metaspace       used 60367K, committed 60928K, reserved 1114112K
  class space    used 8421K, committed 8704K, reserved 1048576K
}
Event: 2.716 GC heap after
{Heap after GC invocations=11 (full 0):
 garbage-first heap   total reserved 4014080K, committed 96256K, used 30254K [0x000000070b000000, 0x0000000800000000)
  region size 2048K, 2 young (4096K), 2 survivors (4096K)
 Metaspace       used 60367K, committed 60928K, reserved 1114112K
  class space    used 8421K, committed 8704K, reserved 1048576K
}
Event: 37.673 GC heap before
{Heap before GC invocations=12 (full 0):
 garbage-first heap   total reserved 4014080K, committed 96256K, used 91694K [0x000000070b000000, 0x0000000800000000)
  region size 2048K, 25 young (51200K), 2 survivors (4096K)
 Metaspace       used 68959K, committed 69568K, reserved 1114112K
  class space    used 9649K, committed 9920K, reserved 1048576K
}
Event: 37.678 GC heap after
{Heap after GC invocations=13 (full 0):
 garbage-first heap   total reserved 4014080K, committed 104448K, used 34007K [0x000000070b000000, 0x0000000800000000)
  region size 2048K, 4 young (8192K), 4 survivors (8192K)
 Metaspace       used 68959K, committed 69568K, reserved 1114112K
  class space    used 9649K, committed 9920K, reserved 1048576K
}
Event: 37.989 GC heap before
{Heap before GC invocations=13 (full 0):
 garbage-first heap   total reserved 4014080K, committed 104448K, used 89303K [0x000000070b000000, 0x0000000800000000)
  region size 2048K, 29 young (59392K), 4 survivors (8192K)
 Metaspace       used 74751K, committed 75456K, reserved 1114112K
  class space    used 9867K, committed 10176K, reserved 1048576K
}
Event: 37.999 GC heap after
{Heap after GC invocations=14 (full 0):
 garbage-first heap   total reserved 4014080K, committed 104448K, used 33799K [0x000000070b000000, 0x0000000800000000)
  region size 2048K, 3 young (6144K), 3 survivors (6144K)
 Metaspace       used 74751K, committed 75456K, reserved 1114112K
  class space    used 9867K, committed 10176K, reserved 1048576K
}
Event: 38.074 GC heap before
{Heap before GC invocations=14 (full 0):
 garbage-first heap   total reserved 4014080K, committed 104448K, used 87047K [0x000000070b000000, 0x0000000800000000)
  region size 2048K, 29 young (59392K), 3 survivors (6144K)
 Metaspace       used 74751K, committed 75456K, reserved 1114112K
  class space    used 9867K, committed 10176K, reserved 1048576K
}
Event: 38.076 GC heap after
{Heap after GC invocations=15 (full 0):
 garbage-first heap   total reserved 4014080K, committed 104448K, used 33912K [0x000000070b000000, 0x0000000800000000)
  region size 2048K, 3 young (6144K), 3 survivors (6144K)
 Metaspace       used 74751K, committed 75456K, reserved 1114112K
  class space    used 9867K, committed 10176K, reserved 1048576K
}
Event: 38.137 GC heap before
{Heap before GC invocations=15 (full 0):
 garbage-first heap   total reserved 4014080K, committed 104448K, used 87160K [0x000000070b000000, 0x0000000800000000)
  region size 2048K, 29 young (59392K), 3 survivors (6144K)
 Metaspace       used 74752K, committed 75456K, reserved 1114112K
  class space    used 9867K, committed 10176K, reserved 1048576K
}
Event: 38.138 GC heap after
{Heap after GC invocations=16 (full 0):
 garbage-first heap   total reserved 4014080K, committed 104448K, used 33689K [0x000000070b000000, 0x0000000800000000)
  region size 2048K, 3 young (6144K), 3 survivors (6144K)
 Metaspace       used 74752K, committed 75456K, reserved 1114112K
  class space    used 9867K, committed 10176K, reserved 1048576K
}
Event: 38.201 GC heap before
{Heap before GC invocations=17 (full 0):
 garbage-first heap   total reserved 4014080K, committed 104448K, used 86937K [0x000000070b000000, 0x0000000800000000)
  region size 2048K, 29 young (59392K), 3 survivors (6144K)
 Metaspace       used 74752K, committed 75456K, reserved 1114112K
  class space    used 9867K, committed 10176K, reserved 1048576K
}
Event: 38.204 GC heap after
{Heap after GC invocations=18 (full 0):
 garbage-first heap   total reserved 4014080K, committed 104448K, used 33683K [0x000000070b000000, 0x0000000800000000)
  region size 2048K, 3 young (6144K), 3 survivors (6144K)
 Metaspace       used 74752K, committed 75456K, reserved 1114112K
  class space    used 9867K, committed 10176K, reserved 1048576K
}
Event: 38.259 GC heap before
{Heap before GC invocations=18 (full 0):
 garbage-first heap   total reserved 4014080K, committed 104448K, used 86931K [0x000000070b000000, 0x0000000800000000)
  region size 2048K, 29 young (59392K), 3 survivors (6144K)
 Metaspace       used 74752K, committed 75456K, reserved 1114112K
  class space    used 9867K, committed 10176K, reserved 1048576K
}
Event: 38.262 GC heap after
{Heap after GC invocations=19 (full 0):
 garbage-first heap   total reserved 4014080K, committed 104448K, used 33282K [0x000000070b000000, 0x0000000800000000)
  region size 2048K, 3 young (6144K), 3 survivors (6144K)
 Metaspace       used 74752K, committed 75456K, reserved 1114112K
  class space    used 9867K, committed 10176K, reserved 1048576K
}
Event: 38.317 GC heap before
{Heap before GC invocations=19 (full 0):
 garbage-first heap   total reserved 4014080K, committed 104448K, used 86530K [0x000000070b000000, 0x0000000800000000)
  region size 2048K, 29 young (59392K), 3 survivors (6144K)
 Metaspace       used 74752K, committed 75456K, reserved 1114112K
  class space    used 9867K, committed 10176K, reserved 1048576K
}
Event: 38.320 GC heap after
{Heap after GC invocations=20 (full 0):
 garbage-first heap   total reserved 4014080K, committed 145408K, used 33283K [0x000000070b000000, 0x0000000800000000)
  region size 2048K, 3 young (6144K), 3 survivors (6144K)
 Metaspace       used 74752K, committed 75456K, reserved 1114112K
  class space    used 9867K, committed 10176K, reserved 1048576K
}

