# JRE version: OpenJDK Runtime Environment (23.0) (build 23)
# Java VM: OpenJDK 64-Bit Server VM (23, mixed mode, sharing, tiered, compressed oops, compressed class ptrs, g1 gc, linux-amd64)
GC Precious Log:
 CardTable entry size: 512
 Card Set container configuration: InlinePtr #cards 4 size 8 Array Of Cards #cards 16 size 48 Howl #buckets 8 coarsen threshold 3686 Howl Bitmap #cards 512 size 80 coarsen threshold 460 Card regions per heap region 1 cards per card region 4096
 CPUs: 16 total, 16 available
 Memory: 15677M
 Large Page Support: Disabled
 NUMA Support: Disabled
 Compressed Oops: Enabled (Zero based)
 Heap Region Size: 2M
 Heap Min Capacity: 8M
 Heap Initial Capacity: 246M
 Heap Max Capacity: 3920M
 Pre-touch: Disabled
 Parallel Workers: 13
 Concurrent Workers: 3
 Concurrent Refinement Workers: 13
 Periodic GC: Disabled
Heap:
 garbage-first heap   total reserved 4014080K, committed 116736K, used 42806K [0x000000070b000000, 0x0000000800000000)
  region size 2048K, 9 young (18432K), 3 survivors (6144K)
 Metaspace       used 76682K, committed 77312K, reserved 1179648K
  class space    used 10133K, committed 10432K, reserved 1048576K
GC Heap History (20 events):
Event: 1.602 GC heap before
{Heap before GC invocations=6 (full 0):
 garbage-first heap   total reserved 4014080K, committed 88064K, used 24193K [0x000000070b000000, 0x0000000800000000)
  region size 2048K, 3 young (6144K), 2 survivors (4096K)
 Metaspace       used 35817K, committed 36288K, reserved 1114112K
  class space    used 4666K, committed 4864K, reserved 1048576K
}
Event: 1.604 GC heap after
{Heap after GC invocations=7 (full 0):
 garbage-first heap   total reserved 4014080K, committed 106496K, used 23915K [0x000000070b000000, 0x0000000800000000)
  region size 2048K, 2 young (4096K), 2 survivors (4096K)
 Metaspace       used 35817K, committed 36288K, reserved 1114112K
  class space    used 4666K, committed 4864K, reserved 1048576K
}
Event: 2.022 GC heap before
{Heap before GC invocations=8 (full 0):
 garbage-first heap   total reserved 4014080K, committed 96256K, used 73067K [0x000000070b000000, 0x0000000800000000)
  region size 2048K, 27 young (55296K), 2 survivors (4096K)
 Metaspace       used 48781K, committed 49280K, reserved 1114112K
  class space    used 6585K, committed 6784K, reserved 1048576K
}
Event: 2.025 GC heap after
{Heap after GC invocations=9 (full 0):
 garbage-first heap   total reserved 4014080K, committed 96256K, used 26709K [0x000000070b000000, 0x0000000800000000)
  region size 2048K, 3 young (6144K), 3 survivors (6144K)
 Metaspace       used 48781K, committed 49280K, reserved 1114112K
  class space    used 6585K, committed 6784K, reserved 1048576K
}
Event: 2.390 GC heap before
{Heap before GC invocations=9 (full 0):
 garbage-first heap   total reserved 4014080K, committed 96256K, used 69717K [0x000000070b000000, 0x0000000800000000)
  region size 2048K, 25 young (51200K), 3 survivors (6144K)
 Metaspace       used 60061K, committed 60672K, reserved 1114112K
  class space    used 8387K, committed 8640K, reserved 1048576K
}
Event: 2.393 GC heap after
{Heap after GC invocations=10 (full 0):
 garbage-first heap   total reserved 4014080K, committed 96256K, used 29142K [0x000000070b000000, 0x0000000800000000)
  region size 2048K, 3 young (6144K), 3 survivors (6144K)
 Metaspace       used 60061K, committed 60672K, reserved 1114112K
  class space    used 8387K, committed 8640K, reserved 1048576K
}
Event: 2.422 GC heap before
{Heap before GC invocations=10 (full 0):
 garbage-first heap   total reserved 4014080K, committed 96256K, used 31190K [0x000000070b000000, 0x0000000800000000)
  region size 2048K, 5 young (10240K), 3 survivors (6144K)
 Metaspace       used 60340K, committed 60928K, reserved 1114112K
  class space    used 8422K, committed 8704K, reserved 1048576K
}
Event: 2.424 GC heap after
{Heap after GC invocations=11 (full 0):
 garbage-first heap   total reserved 4014080K, committed 96256K, used 29502K [0x000000070b000000, 0x0000000800000000)
  region size 2048K, 2 young (4096K), 2 survivors (4096K)
 Metaspace       used 60340K, committed 60928K, reserved 1114112K
  class space    used 8422K, committed 8704K, reserved 1048576K
}
Event: 15.710 GC heap before
{Heap before GC invocations=12 (full 0):
 garbage-first heap   total reserved 4014080K, committed 124928K, used 119614K [0x000000070b000000, 0x0000000800000000)
  region size 2048K, 24 young (49152K), 2 survivors (4096K)
 Metaspace       used 68833K, committed 69504K, reserved 1114112K
  class space    used 9637K, committed 9920K, reserved 1048576K
}
Event: 15.715 GC heap after
{Heap after GC invocations=13 (full 0):
 garbage-first heap   total reserved 4014080K, committed 133120K, used 32832K [0x000000070b000000, 0x0000000800000000)
  region size 2048K, 4 young (8192K), 4 survivors (8192K)
 Metaspace       used 68833K, committed 69504K, reserved 1114112K
  class space    used 9637K, committed 9920K, reserved 1048576K
}
Event: 16.003 GC heap before
{Heap before GC invocations=13 (full 0):
 garbage-first heap   total reserved 4014080K, committed 133120K, used 108608K [0x000000070b000000, 0x0000000800000000)
  region size 2048K, 39 young (79872K), 4 survivors (8192K)
 Metaspace       used 74762K, committed 75456K, reserved 1179648K
  class space    used 9869K, committed 10176K, reserved 1048576K
}
Event: 16.012 GC heap after
{Heap after GC invocations=14 (full 0):
 garbage-first heap   total reserved 4014080K, committed 133120K, used 33126K [0x000000070b000000, 0x0000000800000000)
  region size 2048K, 3 young (6144K), 3 survivors (6144K)
 Metaspace       used 74762K, committed 75456K, reserved 1179648K
  class space    used 9869K, committed 10176K, reserved 1048576K
}
Event: 16.093 GC heap before
{Heap before GC invocations=14 (full 0):
 garbage-first heap   total reserved 4014080K, committed 133120K, used 100710K [0x000000070b000000, 0x0000000800000000)
  region size 2048K, 36 young (73728K), 3 survivors (6144K)
 Metaspace       used 74763K, committed 75456K, reserved 1179648K
  class space    used 9869K, committed 10176K, reserved 1048576K
}
Event: 16.095 GC heap after
{Heap after GC invocations=15 (full 0):
 garbage-first heap   total reserved 4014080K, committed 133120K, used 32881K [0x000000070b000000, 0x0000000800000000)
  region size 2048K, 3 young (6144K), 3 survivors (6144K)
 Metaspace       used 74763K, committed 75456K, reserved 1179648K
  class space    used 9869K, committed 10176K, reserved 1048576K
}
Event: 16.175 GC heap before
{Heap before GC invocations=15 (full 0):
 garbage-first heap   total reserved 4014080K, committed 133120K, used 106609K [0x000000070b000000, 0x0000000800000000)
  region size 2048K, 39 young (79872K), 3 survivors (6144K)
 Metaspace       used 74763K, committed 75456K, reserved 1179648K
  class space    used 9869K, committed 10176K, reserved 1048576K
}
Event: 16.177 GC heap after
{Heap after GC invocations=16 (full 0):
 garbage-first heap   total reserved 4014080K, committed 133120K, used 32752K [0x000000070b000000, 0x0000000800000000)
  region size 2048K, 3 young (6144K), 3 survivors (6144K)
 Metaspace       used 74763K, committed 75456K, reserved 1179648K
  class space    used 9869K, committed 10176K, reserved 1048576K
}
Event: 16.248 GC heap before
{Heap before GC invocations=17 (full 0):
 garbage-first heap   total reserved 4014080K, committed 116736K, used 96240K [0x000000070b000000, 0x0000000800000000)
  region size 2048K, 34 young (69632K), 3 survivors (6144K)
 Metaspace       used 74763K, committed 75456K, reserved 1179648K
  class space    used 9869K, committed 10176K, reserved 1048576K
}
Event: 16.250 GC heap after
{Heap after GC invocations=18 (full 0):
 garbage-first heap   total reserved 4014080K, committed 116736K, used 32809K [0x000000070b000000, 0x0000000800000000)
  region size 2048K, 3 young (6144K), 3 survivors (6144K)
 Metaspace       used 74763K, committed 75456K, reserved 1179648K
  class space    used 9869K, committed 10176K, reserved 1048576K
}
Event: 16.332 GC heap before
{Heap before GC invocations=18 (full 0):
 garbage-first heap   total reserved 4014080K, committed 116736K, used 96297K [0x000000070b000000, 0x0000000800000000)
  region size 2048K, 34 young (69632K), 3 survivors (6144K)
 Metaspace       used 76064K, committed 76736K, reserved 1179648K
  class space    used 10082K, committed 10368K, reserved 1048576K
}
Event: 16.334 GC heap after
{Heap after GC invocations=19 (full 0):
 garbage-first heap   total reserved 4014080K, committed 116736K, used 32566K [0x000000070b000000, 0x0000000800000000)
  region size 2048K, 3 young (6144K), 3 survivors (6144K)
 Metaspace       used 76064K, committed 76736K, reserved 1179648K
  class space    used 10082K, committed 10368K, reserved 1048576K
}

