# JRE version: OpenJDK Runtime Environment (23.0) (build 23)
# Java VM: OpenJDK 64-Bit Server VM (23, mixed mode, sharing, tiered, compressed oops, compressed class ptrs, g1 gc, linux-amd64)
GC Precious Log:
 CardTable entry size: 512
 Card Set container configuration: InlinePtr #cards 4 size 8 Array Of Cards #cards 16 size 48 Howl #buckets 8 coarsen threshold 3686 Howl Bitmap #cards 512 size 80 coarsen threshold 460 Card regions per heap region 1 cards per card region 4096
 CPUs: 16 total, 16 available
 Memory: 15677M
 Large Page Support: Disabled
 NUMA Support: Disabled
 Compressed Oops: Enabled (Zero based)
 Heap Region Size: 2M
 Heap Min Capacity: 8M
 Heap Initial Capacity: 246M
 Heap Max Capacity: 3920M
 Pre-touch: Disabled
 Parallel Workers: 13
 Concurrent Workers: 3
 Concurrent Refinement Workers: 13
 Periodic GC: Disabled
Heap:
 garbage-first heap   total reserved 4014080K, committed 116736K, used 51159K [0x000000070b000000, 0x0000000800000000)
  region size 2048K, 13 young (26624K), 3 survivors (6144K)
 Metaspace       used 76158K, committed 76864K, reserved 1179648K
  class space    used 10093K, committed 10432K, reserved 1048576K
GC Heap History (20 events):
Event: 2.033 GC heap before
{Heap before GC invocations=8 (full 0):
 garbage-first heap   total reserved 4014080K, committed 96256K, used 73403K [0x000000070b000000, 0x0000000800000000)
  region size 2048K, 27 young (55296K), 2 survivors (4096K)
 Metaspace       used 48764K, committed 49280K, reserved 1114112K
  class space    used 6567K, committed 6784K, reserved 1048576K
}
Event: 2.036 GC heap after
{Heap after GC invocations=9 (full 0):
 garbage-first heap   total reserved 4014080K, committed 96256K, used 27026K [0x000000070b000000, 0x0000000800000000)
  region size 2048K, 3 young (6144K), 3 survivors (6144K)
 Metaspace       used 48764K, committed 49280K, reserved 1114112K
  class space    used 6567K, committed 6784K, reserved 1048576K
}
Event: 2.394 GC heap before
{Heap before GC invocations=9 (full 0):
 garbage-first heap   total reserved 4014080K, committed 96256K, used 70034K [0x000000070b000000, 0x0000000800000000)
  region size 2048K, 25 young (51200K), 3 survivors (6144K)
 Metaspace       used 60102K, committed 60672K, reserved 1114112K
  class space    used 8378K, committed 8640K, reserved 1048576K
}
Event: 2.397 GC heap after
{Heap after GC invocations=10 (full 0):
 garbage-first heap   total reserved 4014080K, committed 96256K, used 29262K [0x000000070b000000, 0x0000000800000000)
  region size 2048K, 3 young (6144K), 3 survivors (6144K)
 Metaspace       used 60102K, committed 60672K, reserved 1114112K
  class space    used 8378K, committed 8640K, reserved 1048576K
}
Event: 2.429 GC heap before
{Heap before GC invocations=10 (full 0):
 garbage-first heap   total reserved 4014080K, committed 96256K, used 31310K [0x000000070b000000, 0x0000000800000000)
  region size 2048K, 5 young (10240K), 3 survivors (6144K)
 Metaspace       used 60443K, committed 61056K, reserved 1114112K
  class space    used 8422K, committed 8704K, reserved 1048576K
}
Event: 2.431 GC heap after
{Heap after GC invocations=11 (full 0):
 garbage-first heap   total reserved 4014080K, committed 96256K, used 29901K [0x000000070b000000, 0x0000000800000000)
  region size 2048K, 2 young (4096K), 2 survivors (4096K)
 Metaspace       used 60443K, committed 61056K, reserved 1114112K
  class space    used 8422K, committed 8704K, reserved 1048576K
}
Event: 25.995 GC heap before
{Heap before GC invocations=12 (full 0):
 garbage-first heap   total reserved 4014080K, committed 96256K, used 91341K [0x000000070b000000, 0x0000000800000000)
  region size 2048K, 25 young (51200K), 2 survivors (4096K)
 Metaspace       used 69002K, committed 69696K, reserved 1114112K
  class space    used 9646K, committed 9920K, reserved 1048576K
}
Event: 26.000 GC heap after
{Heap after GC invocations=13 (full 0):
 garbage-first heap   total reserved 4014080K, committed 104448K, used 33101K [0x000000070b000000, 0x0000000800000000)
  region size 2048K, 4 young (8192K), 4 survivors (8192K)
 Metaspace       used 69002K, committed 69696K, reserved 1114112K
  class space    used 9646K, committed 9920K, reserved 1048576K
}
Event: 26.290 GC heap before
{Heap before GC invocations=13 (full 0):
 garbage-first heap   total reserved 4014080K, committed 104448K, used 88397K [0x000000070b000000, 0x0000000800000000)
  region size 2048K, 29 young (59392K), 4 survivors (8192K)
 Metaspace       used 74745K, committed 75456K, reserved 1114112K
  class space    used 9862K, committed 10176K, reserved 1048576K
}
Event: 26.294 GC heap after
{Heap after GC invocations=14 (full 0):
 garbage-first heap   total reserved 4014080K, committed 104448K, used 33548K [0x000000070b000000, 0x0000000800000000)
  region size 2048K, 3 young (6144K), 3 survivors (6144K)
 Metaspace       used 74745K, committed 75456K, reserved 1114112K
  class space    used 9862K, committed 10176K, reserved 1048576K
}
Event: 26.377 GC heap before
{Heap before GC invocations=14 (full 0):
 garbage-first heap   total reserved 4014080K, committed 104448K, used 86796K [0x000000070b000000, 0x0000000800000000)
  region size 2048K, 29 young (59392K), 3 survivors (6144K)
 Metaspace       used 74745K, committed 75456K, reserved 1114112K
  class space    used 9862K, committed 10176K, reserved 1048576K
}
Event: 26.378 GC heap after
{Heap after GC invocations=15 (full 0):
 garbage-first heap   total reserved 4014080K, committed 104448K, used 33428K [0x000000070b000000, 0x0000000800000000)
  region size 2048K, 3 young (6144K), 3 survivors (6144K)
 Metaspace       used 74745K, committed 75456K, reserved 1114112K
  class space    used 9862K, committed 10176K, reserved 1048576K
}
Event: 26.438 GC heap before
{Heap before GC invocations=15 (full 0):
 garbage-first heap   total reserved 4014080K, committed 104448K, used 86676K [0x000000070b000000, 0x0000000800000000)
  region size 2048K, 29 young (59392K), 3 survivors (6144K)
 Metaspace       used 74746K, committed 75456K, reserved 1114112K
  class space    used 9862K, committed 10176K, reserved 1048576K
}
Event: 26.440 GC heap after
{Heap after GC invocations=16 (full 0):
 garbage-first heap   total reserved 4014080K, committed 104448K, used 33336K [0x000000070b000000, 0x0000000800000000)
  region size 2048K, 3 young (6144K), 3 survivors (6144K)
 Metaspace       used 74746K, committed 75456K, reserved 1114112K
  class space    used 9862K, committed 10176K, reserved 1048576K
}
Event: 26.521 GC heap before
{Heap before GC invocations=17 (full 0):
 garbage-first heap   total reserved 4014080K, committed 104448K, used 86584K [0x000000070b000000, 0x0000000800000000)
  region size 2048K, 29 young (59392K), 3 survivors (6144K)
 Metaspace       used 74746K, committed 75456K, reserved 1114112K
  class space    used 9862K, committed 10176K, reserved 1048576K
}
Event: 26.523 GC heap after
{Heap after GC invocations=18 (full 0):
 garbage-first heap   total reserved 4014080K, committed 104448K, used 33426K [0x000000070b000000, 0x0000000800000000)
  region size 2048K, 3 young (6144K), 3 survivors (6144K)
 Metaspace       used 74746K, committed 75456K, reserved 1114112K
  class space    used 9862K, committed 10176K, reserved 1048576K
}
Event: 26.576 GC heap before
{Heap before GC invocations=18 (full 0):
 garbage-first heap   total reserved 4014080K, committed 104448K, used 86674K [0x000000070b000000, 0x0000000800000000)
  region size 2048K, 29 young (59392K), 3 survivors (6144K)
 Metaspace       used 74746K, committed 75456K, reserved 1114112K
  class space    used 9862K, committed 10176K, reserved 1048576K
}
Event: 26.578 GC heap after
{Heap after GC invocations=19 (full 0):
 garbage-first heap   total reserved 4014080K, committed 104448K, used 32632K [0x000000070b000000, 0x0000000800000000)
  region size 2048K, 2 young (4096K), 2 survivors (4096K)
 Metaspace       used 74746K, committed 75456K, reserved 1114112K
  class space    used 9862K, committed 10176K, reserved 1048576K
}
Event: 26.636 GC heap before
{Heap before GC invocations=19 (full 0):
 garbage-first heap   total reserved 4014080K, committed 104448K, used 89976K [0x000000070b000000, 0x0000000800000000)
  region size 2048K, 30 young (61440K), 2 survivors (4096K)
 Metaspace       used 74746K, committed 75456K, reserved 1114112K
  class space    used 9862K, committed 10176K, reserved 1048576K
}
Event: 26.638 GC heap after
{Heap after GC invocations=20 (full 0):
 garbage-first heap   total reserved 4014080K, committed 126976K, used 32727K [0x000000070b000000, 0x0000000800000000)
  region size 2048K, 3 young (6144K), 3 survivors (6144K)
 Metaspace       used 74746K, committed 75456K, reserved 1114112K
  class space    used 9862K, committed 10176K, reserved 1048576K
}

